<?xml version="1.0" encoding="UTF-8"?>
<testsuite xmlns:xsi="http://www.w3.org/2001/XMLSchema-instance" xsi:noNamespaceSchemaLocation="https://maven.apache.org/surefire/maven-surefire-plugin/xsd/surefire-test-report.xsd" name="dion_tests.tests.SmokeTest" time="48.42" tests="12" errors="0" skipped="0" failures="0">
  <properties>
[...]
</properties>
  <testcase name="TestChannels" classname="dion_tests.tests.SmokeTest" time="0.063"/>
  <testcase name="TestAllVideo" classname="dion_tests.tests.SmokeTest" time="14.839"/>
  <testcase name="TestVideoPage" classname="dion_tests.tests.SmokeTest" time="2.625"/>
  <testcase name="aaaaaa" classname="dion_tests.tests.SmokeTest" time="0"/>
  <testcase name="aaaaaaa" classname="dion_tests.tests.SmokeTest" time="0"/>
  <testcase name="a" classname="dion_tests.tests.SmokeTest" time="0"/>
  <testcase name="aa" classname="dion_tests.tests.SmokeTest" time="0"/>
  <testcase name="aaa" classname="dion_tests.tests.SmokeTest" time="0"/>
  <testcase name="aaaa" classname="dion_tests.tests.SmokeTest" time="0"/>
  <testcase name="asas" classname="dion_tests.tests.SmokeTest" time="0"/>
  <testcase name="aaaaa" classname="dion_tests.tests.SmokeTest" time="0"/>
  <testcase name="TestChannelsUI" classname="dion_tests.tests.SmokeTest" time="8.607"/>
</testsuite>